# JRE version: OpenJDK Runtime Environment (17.0.11) (build 17.0.11+0--11852314)
# Java VM: OpenJDK 64-Bit Server VM (17.0.11+0--11852314, mixed mode, tiered, compressed oops, compressed class ptrs, g1 gc, windows-amd64)
GC Precious Log:
 CPUs: 8 total, 8 available
 Memory: 16151M
 Large Page Support: Disabled
 NUMA Support: Disabled
 Compressed Oops: Enabled (32-bit)
 Heap Region Size: 1M
 Heap Min Capacity: 8M
 Heap Initial Capacity: 254M
 Heap Max Capacity: 2G
 Pre-touch: Disabled
 Parallel Workers: 8
 Concurrent Workers: 2
 Concurrent Refinement Workers: 8
 Periodic GC: Disabled
Heap:
 garbage-first heap   total 319488K, used 233096K [0x0000000080000000, 0x0000000100000000)
  region size 1024K, 2 young (2048K), 2 survivors (2048K)
 Metaspace       used 110666K, committed 111488K, reserved 1179648K
  class space    used 15378K, committed 15744K, reserved 1048576K
GC Heap History (20 events):
Event: 10.347 GC heap after
{Heap after GC invocations=33 (full 0):
 garbage-first heap   total 315392K, used 87214K [0x0000000080000000, 0x0000000100000000)
  region size 1024K, 2 young (2048K), 2 survivors (2048K)
 Metaspace       used 85144K, committed 85824K, reserved 1179648K
  class space    used 11731K, committed 12032K, reserved 1048576K
}
Event: 12.232 GC heap before
{Heap before GC invocations=34 (full 0):
 garbage-first heap   total 307200K, used 236718K [0x0000000080000000, 0x0000000100000000)
  region size 1024K, 148 young (151552K), 2 survivors (2048K)
 Metaspace       used 96875K, committed 97536K, reserved 1179648K
  class space    used 13501K, committed 13824K, reserved 1048576K
}
Event: 12.240 GC heap after
{Heap after GC invocations=35 (full 0):
 garbage-first heap   total 307200K, used 93957K [0x0000000080000000, 0x0000000100000000)
  region size 1024K, 9 young (9216K), 9 survivors (9216K)
 Metaspace       used 96875K, committed 97536K, reserved 1179648K
  class space    used 13501K, committed 13824K, reserved 1048576K
}
Event: 12.319 GC heap before
{Heap before GC invocations=35 (full 0):
 garbage-first heap   total 307200K, used 100101K [0x0000000080000000, 0x0000000100000000)
  region size 1024K, 15 young (15360K), 9 survivors (9216K)
 Metaspace       used 97221K, committed 97920K, reserved 1179648K
  class space    used 13551K, committed 13888K, reserved 1048576K
}
Event: 12.326 GC heap after
{Heap after GC invocations=36 (full 0):
 garbage-first heap   total 307200K, used 94137K [0x0000000080000000, 0x0000000100000000)
  region size 1024K, 2 young (2048K), 2 survivors (2048K)
 Metaspace       used 97221K, committed 97920K, reserved 1179648K
  class space    used 13551K, committed 13888K, reserved 1048576K
}
Event: 13.862 GC heap before
{Heap before GC invocations=36 (full 0):
 garbage-first heap   total 307200K, used 242617K [0x0000000080000000, 0x0000000100000000)
  region size 1024K, 147 young (150528K), 2 survivors (2048K)
 Metaspace       used 101502K, committed 102208K, reserved 1179648K
  class space    used 14186K, committed 14528K, reserved 1048576K
}
Event: 13.871 GC heap after
{Heap after GC invocations=37 (full 0):
 garbage-first heap   total 307200K, used 103830K [0x0000000080000000, 0x0000000100000000)
  region size 1024K, 11 young (11264K), 11 survivors (11264K)
 Metaspace       used 101502K, committed 102208K, reserved 1179648K
  class space    used 14186K, committed 14528K, reserved 1048576K
}
Event: 15.320 GC heap before
{Heap before GC invocations=37 (full 0):
 garbage-first heap   total 307200K, used 248214K [0x0000000080000000, 0x0000000100000000)
  region size 1024K, 148 young (151552K), 11 survivors (11264K)
 Metaspace       used 107303K, committed 108096K, reserved 1179648K
  class space    used 14880K, committed 15232K, reserved 1048576K
}
Event: 15.335 GC heap after
{Heap after GC invocations=38 (full 0):
 garbage-first heap   total 307200K, used 111591K [0x0000000080000000, 0x0000000100000000)
  region size 1024K, 10 young (10240K), 10 survivors (10240K)
 Metaspace       used 107303K, committed 108096K, reserved 1179648K
  class space    used 14880K, committed 15232K, reserved 1048576K
}
Event: 15.405 GC heap before
{Heap before GC invocations=38 (full 0):
 garbage-first heap   total 307200K, used 121831K [0x0000000080000000, 0x0000000100000000)
  region size 1024K, 14 young (14336K), 10 survivors (10240K)
 Metaspace       used 107463K, committed 108288K, reserved 1179648K
  class space    used 14898K, committed 15296K, reserved 1048576K
}
Event: 15.413 GC heap after
{Heap after GC invocations=39 (full 0):
 garbage-first heap   total 307200K, used 118347K [0x0000000080000000, 0x0000000100000000)
  region size 1024K, 10 young (10240K), 10 survivors (10240K)
 Metaspace       used 107463K, committed 108288K, reserved 1179648K
  class space    used 14898K, committed 15296K, reserved 1048576K
}
Event: 15.468 GC heap before
{Heap before GC invocations=39 (full 0):
 garbage-first heap   total 307200K, used 150091K [0x0000000080000000, 0x0000000100000000)
  region size 1024K, 13 young (13312K), 10 survivors (10240K)
 Metaspace       used 107472K, committed 108288K, reserved 1179648K
  class space    used 14898K, committed 15296K, reserved 1048576K
}
Event: 15.474 GC heap after
{Heap after GC invocations=40 (full 0):
 garbage-first heap   total 307200K, used 150313K [0x0000000080000000, 0x0000000100000000)
  region size 1024K, 11 young (11264K), 11 survivors (11264K)
 Metaspace       used 107472K, committed 108288K, reserved 1179648K
  class space    used 14898K, committed 15296K, reserved 1048576K
}
Event: 16.234 GC heap before
{Heap before GC invocations=41 (full 0):
 garbage-first heap   total 307200K, used 289577K [0x0000000080000000, 0x0000000100000000)
  region size 1024K, 46 young (47104K), 11 survivors (11264K)
 Metaspace       used 110663K, committed 111424K, reserved 1179648K
  class space    used 15378K, committed 15744K, reserved 1048576K
}
Event: 16.240 GC heap after
{Heap after GC invocations=42 (full 0):
 garbage-first heap   total 311296K, used 215189K [0x0000000080000000, 0x0000000100000000)
  region size 1024K, 9 young (9216K), 9 survivors (9216K)
 Metaspace       used 110663K, committed 111424K, reserved 1179648K
  class space    used 15378K, committed 15744K, reserved 1048576K
}
Event: 16.247 GC heap before
{Heap before GC invocations=42 (full 0):
 garbage-first heap   total 311296K, used 239765K [0x0000000080000000, 0x0000000100000000)
  region size 1024K, 15 young (15360K), 9 survivors (9216K)
 Metaspace       used 110665K, committed 111424K, reserved 1179648K
  class space    used 15378K, committed 15744K, reserved 1048576K
}
Event: 16.249 GC heap after
{Heap after GC invocations=43 (full 0):
 garbage-first heap   total 311296K, used 220636K [0x0000000080000000, 0x0000000100000000)
  region size 1024K, 2 young (2048K), 2 survivors (2048K)
 Metaspace       used 110665K, committed 111424K, reserved 1179648K
  class space    used 15378K, committed 15744K, reserved 1048576K
}
Event: 16.254 GC heap before
{Heap before GC invocations=43 (full 0):
 garbage-first heap   total 311296K, used 244188K [0x0000000080000000, 0x0000000100000000)
  region size 1024K, 7 young (7168K), 2 survivors (2048K)
 Metaspace       used 110666K, committed 111488K, reserved 1179648K
  class space    used 15378K, committed 15744K, reserved 1048576K
}
Event: 16.256 GC heap after
{Heap after GC invocations=44 (full 0):
 garbage-first heap   total 311296K, used 229626K [0x0000000080000000, 0x0000000100000000)
  region size 1024K, 3 young (3072K), 3 survivors (3072K)
 Metaspace       used 110666K, committed 111488K, reserved 1179648K
  class space    used 15378K, committed 15744K, reserved 1048576K
}
Event: 16.257 GC heap before
{Heap before GC invocations=44 (full 0):
 garbage-first heap   total 311296K, used 232698K [0x0000000080000000, 0x0000000100000000)
  region size 1024K, 3 young (3072K), 3 survivors (3072K)
 Metaspace       used 110666K, committed 111488K, reserved 1179648K
  class space    used 15378K, committed 15744K, reserved 1048576K
}

