# JRE version: OpenJDK Runtime Environment (17.0.11) (build 17.0.11+0--11852314)
# Java VM: OpenJDK 64-Bit Server VM (17.0.11+0--11852314, mixed mode, tiered, compressed oops, compressed class ptrs, g1 gc, windows-amd64)
GC Precious Log:
 CPUs: 8 total, 8 available
 Memory: 16151M
 Large Page Support: Disabled
 NUMA Support: Disabled
 Compressed Oops: Enabled (32-bit)
 Heap Region Size: 1M
 Heap Min Capacity: 8M
 Heap Initial Capacity: 254M
 Heap Max Capacity: 2G
 Pre-touch: Disabled
 Parallel Workers: 8
 Concurrent Workers: 2
 Concurrent Refinement Workers: 8
 Periodic GC: Disabled
Heap:
 garbage-first heap   total 435200K, used 345088K [0x0000000080000000, 0x0000000100000000)
  region size 1024K, 5 young (5120K), 5 survivors (5120K)
 Metaspace       used 113630K, committed 114496K, reserved 1179648K
  class space    used 15968K, committed 16384K, reserved 1048576K
GC Heap History (20 events):
Event: 16.371 GC heap after
{Heap after GC invocations=32 (full 0):
 garbage-first heap   total 193536K, used 120682K [0x0000000080000000, 0x0000000100000000)
  region size 1024K, 3 young (3072K), 3 survivors (3072K)
 Metaspace       used 107363K, committed 108096K, reserved 1179648K
  class space    used 14884K, committed 15232K, reserved 1048576K
}
Event: 17.132 GC heap before
{Heap before GC invocations=33 (full 0):
 garbage-first heap   total 296960K, used 218986K [0x0000000080000000, 0x0000000100000000)
  region size 1024K, 35 young (35840K), 3 survivors (3072K)
 Metaspace       used 110600K, committed 111360K, reserved 1179648K
  class space    used 15366K, committed 15744K, reserved 1048576K
}
Event: 17.139 GC heap after
{Heap after GC invocations=34 (full 0):
 garbage-first heap   total 296960K, used 183411K [0x0000000080000000, 0x0000000100000000)
  region size 1024K, 5 young (5120K), 5 survivors (5120K)
 Metaspace       used 110600K, committed 111360K, reserved 1179648K
  class space    used 15366K, committed 15744K, reserved 1048576K
}
Event: 17.217 GC heap before
{Heap before GC invocations=34 (full 0):
 garbage-first heap   total 296960K, used 280691K [0x0000000080000000, 0x0000000100000000)
  region size 1024K, 14 young (14336K), 5 survivors (5120K)
 Metaspace       used 110605K, committed 111360K, reserved 1179648K
  class space    used 15366K, committed 15744K, reserved 1048576K
}
Event: 17.221 GC heap after
{Heap after GC invocations=35 (full 0):
 garbage-first heap   total 296960K, used 223985K [0x0000000080000000, 0x0000000100000000)
  region size 1024K, 2 young (2048K), 2 survivors (2048K)
 Metaspace       used 110605K, committed 111360K, reserved 1179648K
  class space    used 15366K, committed 15744K, reserved 1048576K
}
Event: 17.555 GC heap before
{Heap before GC invocations=35 (full 0):
 garbage-first heap   total 296960K, used 282353K [0x0000000080000000, 0x0000000100000000)
  region size 1024K, 31 young (31744K), 2 survivors (2048K)
 Metaspace       used 110881K, committed 111744K, reserved 1179648K
  class space    used 15407K, committed 15808K, reserved 1048576K
}
Event: 17.564 GC heap after
{Heap after GC invocations=36 (full 0):
 garbage-first heap   total 296960K, used 245502K [0x0000000080000000, 0x0000000100000000)
  region size 1024K, 4 young (4096K), 4 survivors (4096K)
 Metaspace       used 110881K, committed 111744K, reserved 1179648K
  class space    used 15407K, committed 15808K, reserved 1048576K
}
Event: 17.844 GC heap before
{Heap before GC invocations=36 (full 0):
 garbage-first heap   total 296960K, used 258814K [0x0000000080000000, 0x0000000100000000)
  region size 1024K, 16 young (16384K), 4 survivors (4096K)
 Metaspace       used 110881K, committed 111744K, reserved 1179648K
  class space    used 15407K, committed 15808K, reserved 1048576K
}
Event: 17.854 GC heap after
{Heap after GC invocations=37 (full 0):
 garbage-first heap   total 296960K, used 252488K [0x0000000080000000, 0x0000000100000000)
  region size 1024K, 2 young (2048K), 2 survivors (2048K)
 Metaspace       used 110881K, committed 111744K, reserved 1179648K
  class space    used 15407K, committed 15808K, reserved 1048576K
}
Event: 18.100 GC heap before
{Heap before GC invocations=37 (full 0):
 garbage-first heap   total 296960K, used 264776K [0x0000000080000000, 0x0000000100000000)
  region size 1024K, 14 young (14336K), 2 survivors (2048K)
 Metaspace       used 110881K, committed 111744K, reserved 1179648K
  class space    used 15407K, committed 15808K, reserved 1048576K
}
Event: 18.105 GC heap after
{Heap after GC invocations=38 (full 0):
 garbage-first heap   total 356352K, used 255902K [0x0000000080000000, 0x0000000100000000)
  region size 1024K, 2 young (2048K), 2 survivors (2048K)
 Metaspace       used 110881K, committed 111744K, reserved 1179648K
  class space    used 15407K, committed 15808K, reserved 1048576K
}
Event: 18.698 GC heap before
{Heap before GC invocations=39 (full 0):
 garbage-first heap   total 435200K, used 299934K [0x0000000080000000, 0x0000000100000000)
  region size 1024K, 37 young (37888K), 2 survivors (2048K)
 Metaspace       used 110881K, committed 111744K, reserved 1179648K
  class space    used 15407K, committed 15808K, reserved 1048576K
}
Event: 18.712 GC heap after
{Heap after GC invocations=40 (full 0):
 garbage-first heap   total 435200K, used 269657K [0x0000000080000000, 0x0000000100000000)
  region size 1024K, 5 young (5120K), 5 survivors (5120K)
 Metaspace       used 110881K, committed 111744K, reserved 1179648K
  class space    used 15407K, committed 15808K, reserved 1048576K
}
Event: 18.880 GC heap before
{Heap before GC invocations=40 (full 0):
 garbage-first heap   total 435200K, used 288089K [0x0000000080000000, 0x0000000100000000)
  region size 1024K, 21 young (21504K), 5 survivors (5120K)
 Metaspace       used 110881K, committed 111744K, reserved 1179648K
  class space    used 15407K, committed 15808K, reserved 1048576K
}
Event: 18.894 GC heap after
{Heap after GC invocations=41 (full 0):
 garbage-first heap   total 435200K, used 277688K [0x0000000080000000, 0x0000000100000000)
  region size 1024K, 3 young (3072K), 3 survivors (3072K)
 Metaspace       used 110881K, committed 111744K, reserved 1179648K
  class space    used 15407K, committed 15808K, reserved 1048576K
}
Event: 19.412 GC heap before
{Heap before GC invocations=41 (full 0):
 garbage-first heap   total 435200K, used 339128K [0x0000000080000000, 0x0000000100000000)
  region size 1024K, 62 young (63488K), 3 survivors (3072K)
 Metaspace       used 113117K, committed 114048K, reserved 1179648K
  class space    used 15929K, committed 16384K, reserved 1048576K
}
Event: 19.441 GC heap after
{Heap after GC invocations=42 (full 0):
 garbage-first heap   total 435200K, used 299657K [0x0000000080000000, 0x0000000100000000)
  region size 1024K, 8 young (8192K), 8 survivors (8192K)
 Metaspace       used 113117K, committed 114048K, reserved 1179648K
  class space    used 15929K, committed 16384K, reserved 1048576K
}
Event: 19.807 GC heap before
{Heap before GC invocations=42 (full 0):
 garbage-first heap   total 435200K, used 348809K [0x0000000080000000, 0x0000000100000000)
  region size 1024K, 56 young (57344K), 8 survivors (8192K)
 Metaspace       used 113566K, committed 114432K, reserved 1179648K
  class space    used 15967K, committed 16384K, reserved 1048576K
}
Event: 19.850 GC heap after
{Heap after GC invocations=43 (full 0):
 garbage-first heap   total 435200K, used 326656K [0x0000000080000000, 0x0000000100000000)
  region size 1024K, 7 young (7168K), 7 survivors (7168K)
 Metaspace       used 113566K, committed 114432K, reserved 1179648K
  class space    used 15967K, committed 16384K, reserved 1048576K
}
Event: 20.185 GC heap before
{Heap before GC invocations=43 (full 0):
 garbage-first heap   total 435200K, used 357376K [0x0000000080000000, 0x0000000100000000)
  region size 1024K, 38 young (38912K), 7 survivors (7168K)
 Metaspace       used 113630K, committed 114496K, reserved 1179648K
  class space    used 15968K, committed 16384K, reserved 1048576K
}

