# JRE version: OpenJDK Runtime Environment (17.0.11) (build 17.0.11+0--11852314)
# Java VM: OpenJDK 64-Bit Server VM (17.0.11+0--11852314, mixed mode, tiered, compressed oops, compressed class ptrs, g1 gc, windows-amd64)
GC Precious Log:
 CPUs: 8 total, 8 available
 Memory: 16151M
 Large Page Support: Disabled
 NUMA Support: Disabled
 Compressed Oops: Enabled (32-bit)
 Heap Region Size: 1M
 Heap Min Capacity: 8M
 Heap Initial Capacity: 254M
 Heap Max Capacity: 2G
 Pre-touch: Disabled
 Parallel Workers: 8
 Concurrent Workers: 2
 Concurrent Refinement Workers: 8
 Periodic GC: Disabled
Heap:
 garbage-first heap   total 453632K, used 373700K [0x0000000080000000, 0x0000000100000000)
  region size 1024K, 4 young (4096K), 4 survivors (4096K)
 Metaspace       used 128931K, committed 129856K, reserved 1179648K
  class space    used 17971K, committed 18432K, reserved 1048576K
GC Heap History (20 events):
Event: 17.999 GC heap after
{Heap after GC invocations=44 (full 0):
 garbage-first heap   total 291840K, used 224101K [0x0000000080000000, 0x0000000100000000)
  region size 1024K, 4 young (4096K), 4 survivors (4096K)
 Metaspace       used 124177K, committed 124992K, reserved 1179648K
  class space    used 17371K, committed 17792K, reserved 1048576K
}
Event: 18.025 GC heap before
{Heap before GC invocations=44 (full 0):
 garbage-first heap   total 291840K, used 282469K [0x0000000080000000, 0x0000000100000000)
  region size 1024K, 13 young (13312K), 4 survivors (4096K)
 Metaspace       used 124297K, committed 125120K, reserved 1179648K
  class space    used 17388K, committed 17792K, reserved 1048576K
}
Event: 18.028 GC heap after
{Heap after GC invocations=45 (full 0):
 garbage-first heap   total 292864K, used 224746K [0x0000000080000000, 0x0000000100000000)
  region size 1024K, 2 young (2048K), 2 survivors (2048K)
 Metaspace       used 124297K, committed 125120K, reserved 1179648K
  class space    used 17388K, committed 17792K, reserved 1048576K
}
Event: 18.145 GC heap before
{Heap before GC invocations=45 (full 0):
 garbage-first heap   total 292864K, used 280042K [0x0000000080000000, 0x0000000100000000)
  region size 1024K, 28 young (28672K), 2 survivors (2048K)
 Metaspace       used 125002K, committed 125760K, reserved 1179648K
  class space    used 17476K, committed 17856K, reserved 1048576K
}
Event: 18.149 GC heap after
{Heap after GC invocations=46 (full 0):
 garbage-first heap   total 292864K, used 243628K [0x0000000080000000, 0x0000000100000000)
  region size 1024K, 4 young (4096K), 4 survivors (4096K)
 Metaspace       used 125002K, committed 125760K, reserved 1179648K
  class space    used 17476K, committed 17856K, reserved 1048576K
}
Event: 18.202 GC heap before
{Heap before GC invocations=46 (full 0):
 garbage-first heap   total 292864K, used 254892K [0x0000000080000000, 0x0000000100000000)
  region size 1024K, 15 young (15360K), 4 survivors (4096K)
 Metaspace       used 125255K, committed 126080K, reserved 1179648K
  class space    used 17513K, committed 17920K, reserved 1048576K
}
Event: 18.208 GC heap after
{Heap after GC invocations=47 (full 0):
 garbage-first heap   total 292864K, used 247100K [0x0000000080000000, 0x0000000100000000)
  region size 1024K, 2 young (2048K), 2 survivors (2048K)
 Metaspace       used 125255K, committed 126080K, reserved 1179648K
  class space    used 17513K, committed 17920K, reserved 1048576K
}
Event: 18.307 GC heap before
{Heap before GC invocations=47 (full 0):
 garbage-first heap   total 292864K, used 258364K [0x0000000080000000, 0x0000000100000000)
  region size 1024K, 14 young (14336K), 2 survivors (2048K)
 Metaspace       used 125727K, committed 126528K, reserved 1179648K
  class space    used 17553K, committed 17920K, reserved 1048576K
}
Event: 18.313 GC heap after
{Heap after GC invocations=48 (full 0):
 garbage-first heap   total 453632K, used 251106K [0x0000000080000000, 0x0000000100000000)
  region size 1024K, 2 young (2048K), 2 survivors (2048K)
 Metaspace       used 125727K, committed 126528K, reserved 1179648K
  class space    used 17553K, committed 17920K, reserved 1048576K
}
Event: 19.198 GC heap before
{Heap before GC invocations=49 (full 0):
 garbage-first heap   total 453632K, used 360674K [0x0000000080000000, 0x0000000100000000)
  region size 1024K, 99 young (101376K), 2 survivors (2048K)
 Metaspace       used 128397K, committed 129344K, reserved 1179648K
  class space    used 17918K, committed 18368K, reserved 1048576K
}
Event: 19.220 GC heap after
{Heap after GC invocations=50 (full 0):
 garbage-first heap   total 453632K, used 281053K [0x0000000080000000, 0x0000000100000000)
  region size 1024K, 13 young (13312K), 13 survivors (13312K)
 Metaspace       used 128397K, committed 129344K, reserved 1179648K
  class space    used 17918K, committed 18368K, reserved 1048576K
}
Event: 19.297 GC heap before
{Heap before GC invocations=50 (full 0):
 garbage-first heap   total 453632K, used 290269K [0x0000000080000000, 0x0000000100000000)
  region size 1024K, 22 young (22528K), 13 survivors (13312K)
 Metaspace       used 128397K, committed 129344K, reserved 1179648K
  class space    used 17918K, committed 18368K, reserved 1048576K
}
Event: 19.313 GC heap after
{Heap after GC invocations=51 (full 0):
 garbage-first heap   total 453632K, used 283904K [0x0000000080000000, 0x0000000100000000)
  region size 1024K, 3 young (3072K), 3 survivors (3072K)
 Metaspace       used 128397K, committed 129344K, reserved 1179648K
  class space    used 17918K, committed 18368K, reserved 1048576K
}
Event: 19.743 GC heap before
{Heap before GC invocations=51 (full 0):
 garbage-first heap   total 453632K, used 360704K [0x0000000080000000, 0x0000000100000000)
  region size 1024K, 77 young (78848K), 3 survivors (3072K)
 Metaspace       used 128881K, committed 129792K, reserved 1179648K
  class space    used 17971K, committed 18432K, reserved 1048576K
}
Event: 19.778 GC heap after
{Heap after GC invocations=52 (full 0):
 garbage-first heap   total 453632K, used 319818K [0x0000000080000000, 0x0000000100000000)
  region size 1024K, 10 young (10240K), 10 survivors (10240K)
 Metaspace       used 128881K, committed 129792K, reserved 1179648K
  class space    used 17971K, committed 18432K, reserved 1048576K
}
Event: 19.929 GC heap before
{Heap before GC invocations=52 (full 0):
 garbage-first heap   total 453632K, used 365898K [0x0000000080000000, 0x0000000100000000)
  region size 1024K, 55 young (56320K), 10 survivors (10240K)
 Metaspace       used 128904K, committed 129792K, reserved 1179648K
  class space    used 17971K, committed 18432K, reserved 1048576K
}
Event: 19.964 GC heap after
{Heap after GC invocations=53 (full 0):
 garbage-first heap   total 453632K, used 345087K [0x0000000080000000, 0x0000000100000000)
  region size 1024K, 7 young (7168K), 7 survivors (7168K)
 Metaspace       used 128904K, committed 129792K, reserved 1179648K
  class space    used 17971K, committed 18432K, reserved 1048576K
}
Event: 20.053 GC heap before
{Heap before GC invocations=53 (full 0):
 garbage-first heap   total 453632K, used 374783K [0x0000000080000000, 0x0000000100000000)
  region size 1024K, 36 young (36864K), 7 survivors (7168K)
 Metaspace       used 128930K, committed 129856K, reserved 1179648K
  class space    used 17971K, committed 18432K, reserved 1048576K
}
Event: 20.084 GC heap after
{Heap after GC invocations=54 (full 0):
 garbage-first heap   total 453632K, used 361471K [0x0000000080000000, 0x0000000100000000)
  region size 1024K, 5 young (5120K), 5 survivors (5120K)
 Metaspace       used 128930K, committed 129856K, reserved 1179648K
  class space    used 17971K, committed 18432K, reserved 1048576K
}
Event: 20.138 GC heap before
{Heap before GC invocations=54 (full 0):
 garbage-first heap   total 453632K, used 381951K [0x0000000080000000, 0x0000000100000000)
  region size 1024K, 25 young (25600K), 5 survivors (5120K)
 Metaspace       used 128931K, committed 129856K, reserved 1179648K
  class space    used 17971K, committed 18432K, reserved 1048576K
}

